
> nextjs@0.1.0 dev
> next dev

   ▲ Next.js 15.3.2
   - Local:        http://localhost:3000
   - Network:      http://192.168.50.23:3000
   - Environments: .env.local

 ✓ Starting...
 ✓ Ready in 1241ms
 ○ Compiling /_not-found ...
 ✓ Compiled /_not-found in 3.2s (1007 modules)
 GET /(protected2)/torna2 404 in 3380ms
 ✓ Compiled /torna3 in 493ms (1096 modules)
 GET /torna3 200 in 626ms
 ✓ Compiled /favicon.ico in 110ms (599 modules)
 GET /favicon.ico 200 in 173ms
 ✓ Compiled /api/navigation in 124ms (1079 modules)
API: Starting navigation request...
API: Current working directory: /Users/kylecampbell/Documents/repos/localrepo-snefuru4
API: App directory path: /Users/kylecampbell/Documents/repos/localrepo-snefuru4/app
API: Protected directory path: /Users/kylecampbell/Documents/repos/localrepo-snefuru4/app/(protected)
API: Calling getNavigation...
API: Navigation items received: [
  { name: '[', children: [ [Object], [Object] ] },
  { name: 'azulpsql', path: '/admin/azulpsql' },
  { name: 'B', children: [ [Object], [Object], [Object] ] },
  { name: 'c', children: [ [Object] ] },
  {
    name: 'C',
    children: [
      [Object], [Object],
      [Object], [Object],
      [Object], [Object],
      [Object], [Object],
      [Object], [Object],
      [Object], [Object]
    ]
  },
  {
    name: 'D',
    children: [
      [Object], [Object],
      [Object], [Object],
      [Object], [Object],
      [Object]
    ]
  },
  {
    name: 'F',
    children: [ [Object], [Object], [Object], [Object], [Object] ]
  },
  { name: 'gconjar1', path: '/gconjar1' },
  { name: 'H', children: [ [Object], [Object], [Object], [Object] ] },
  { name: 'J', children: [ [Object], [Object] ] },
  { name: 'K', children: [ [Object], [Object], [Object] ] },
  { name: 'M', children: [ [Object], [Object] ] },
  { name: 'N', children: [ [Object], [Object], [Object], [Object] ] },
  {
    name: 'navgroup6',
    children: [
      [Object], [Object],
      [Object], [Object],
      [Object], [Object],
      [Object], [Object]
    ]
  },
  { name: 'obi', path: '/admin/obi' },
  { name: 'P', children: [ [Object], [Object], [Object] ] },
  { name: 'R', children: [ [Object], [Object], [Object], [Object] ] },
  {
    name: 'S',
    children: [
      [Object], [Object],
      [Object], [Object],
      [Object], [Object],
      [Object], [Object]
    ]
  },
  {
    name: 'T',
    children: [ [Object], [Object], [Object], [Object], [Object] ]
  },
  { name: 'U', children: [ [Object], [Object], [Object], [Object] ] },
  { name: 'valan', path: '/valan' },
  { name: 'W', children: [ [Object], [Object] ] },
  { name: 'xpagesmanager1', path: '/admin/xpagesmanager1' },
  { name: 'zarnomanager', path: '/admin/zarnomanager' }
]
 GET /api/navigation 200 in 166ms
API: Starting navigation request...
API: Current working directory: /Users/kylecampbell/Documents/repos/localrepo-snefuru4
API: App directory path: /Users/kylecampbell/Documents/repos/localrepo-snefuru4/app
API: Protected directory path: /Users/kylecampbell/Documents/repos/localrepo-snefuru4/app/(protected)
API: Calling getNavigation...
API: Navigation items received: [
  { name: '[', children: [ [Object], [Object] ] },
  { name: 'azulpsql', path: '/admin/azulpsql' },
  { name: 'B', children: [ [Object], [Object], [Object] ] },
  { name: 'c', children: [ [Object] ] },
  {
    name: 'C',
    children: [
      [Object], [Object],
      [Object], [Object],
      [Object], [Object],
      [Object], [Object],
      [Object], [Object],
      [Object], [Object]
    ]
  },
  {
    name: 'D',
    children: [
      [Object], [Object],
      [Object], [Object],
      [Object], [Object],
      [Object]
    ]
  },
  {
    name: 'F',
    children: [ [Object], [Object], [Object], [Object], [Object] ]
  },
  { name: 'gconjar1', path: '/gconjar1' },
  { name: 'H', children: [ [Object], [Object], [Object], [Object] ] },
  { name: 'J', children: [ [Object], [Object] ] },
  { name: 'K', children: [ [Object], [Object], [Object] ] },
  { name: 'M', children: [ [Object], [Object] ] },
  { name: 'N', children: [ [Object], [Object], [Object], [Object] ] },
  {
    name: 'navgroup6',
    children: [
      [Object], [Object],
      [Object], [Object],
      [Object], [Object],
      [Object], [Object]
    ]
  },
  { name: 'obi', path: '/admin/obi' },
  { name: 'P', children: [ [Object], [Object], [Object] ] },
  { name: 'R', children: [ [Object], [Object], [Object], [Object] ] },
  {
    name: 'S',
    children: [
      [Object], [Object],
      [Object], [Object],
      [Object], [Object],
      [Object], [Object]
    ]
  },
  {
    name: 'T',
    children: [ [Object], [Object], [Object], [Object], [Object] ]
  },
  { name: 'U', children: [ [Object], [Object], [Object], [Object] ] },
  { name: 'valan', path: '/valan' },
  { name: 'W', children: [ [Object], [Object] ] },
  { name: 'xpagesmanager1', path: '/admin/xpagesmanager1' },
  { name: 'zarnomanager', path: '/admin/zarnomanager' }
]
 GET /api/navigation 200 in 20ms
API: Starting navigation request...
API: Current working directory: /Users/kylecampbell/Documents/repos/localrepo-snefuru4
API: App directory path: /Users/kylecampbell/Documents/repos/localrepo-snefuru4/app
API: Protected directory path: /Users/kylecampbell/Documents/repos/localrepo-snefuru4/app/(protected)
API: Calling getNavigation...
API: Navigation items received: [
  { name: '[', children: [ [Object], [Object] ] },
  { name: 'azulpsql', path: '/admin/azulpsql' },
  { name: 'B', children: [ [Object], [Object], [Object] ] },
  { name: 'c', children: [ [Object] ] },
  {
    name: 'C',
    children: [
      [Object], [Object],
      [Object], [Object],
      [Object], [Object],
      [Object], [Object],
      [Object], [Object],
      [Object], [Object]
    ]
  },
  {
    name: 'D',
    children: [
      [Object], [Object],
      [Object], [Object],
      [Object], [Object],
      [Object]
    ]
  },
  {
    name: 'F',
    children: [ [Object], [Object], [Object], [Object], [Object] ]
  },
  { name: 'gconjar1', path: '/gconjar1' },
  { name: 'H', children: [ [Object], [Object], [Object], [Object] ] },
  { name: 'J', children: [ [Object], [Object] ] },
  { name: 'K', children: [ [Object], [Object], [Object] ] },
  { name: 'M', children: [ [Object], [Object] ] },
  { name: 'N', children: [ [Object], [Object], [Object], [Object] ] },
  {
    name: 'navgroup6',
    children: [
      [Object], [Object],
      [Object], [Object],
      [Object], [Object],
      [Object], [Object]
    ]
  },
  { name: 'obi', path: '/admin/obi' },
  { name: 'P', children: [ [Object], [Object], [Object] ] },
  { name: 'R', children: [ [Object], [Object], [Object], [Object] ] },
  {
    name: 'S',
    children: [
      [Object], [Object],
      [Object], [Object],
      [Object], [Object],
      [Object], [Object]
    ]
  },
  {
    name: 'T',
    children: [ [Object], [Object], [Object], [Object], [Object] ]
  },
  { name: 'U', children: [ [Object], [Object], [Object], [Object] ] },
  { name: 'valan', path: '/valan' },
  { name: 'W', children: [ [Object], [Object] ] },
  { name: 'xpagesmanager1', path: '/admin/xpagesmanager1' },
  { name: 'zarnomanager', path: '/admin/zarnomanager' }
]
 GET /api/navigation 200 in 17ms
API: Starting navigation request...
API: Current working directory: /Users/kylecampbell/Documents/repos/localrepo-snefuru4
API: App directory path: /Users/kylecampbell/Documents/repos/localrepo-snefuru4/app
API: Protected directory path: /Users/kylecampbell/Documents/repos/localrepo-snefuru4/app/(protected)
API: Calling getNavigation...
API: Navigation items received: [
  { name: '[', children: [ [Object], [Object] ] },
  { name: 'azulpsql', path: '/admin/azulpsql' },
  { name: 'B', children: [ [Object], [Object], [Object] ] },
  { name: 'c', children: [ [Object] ] },
  {
    name: 'C',
    children: [
      [Object], [Object],
      [Object], [Object],
      [Object], [Object],
      [Object], [Object],
      [Object], [Object],
      [Object], [Object]
    ]
  },
  {
    name: 'D',
    children: [
      [Object], [Object],
      [Object], [Object],
      [Object], [Object],
      [Object]
    ]
  },
  {
    name: 'F',
    children: [ [Object], [Object], [Object], [Object], [Object] ]
  },
  { name: 'gconjar1', path: '/gconjar1' },
  { name: 'H', children: [ [Object], [Object], [Object], [Object] ] },
  { name: 'J', children: [ [Object], [Object] ] },
  { name: 'K', children: [ [Object], [Object], [Object] ] },
  { name: 'M', children: [ [Object], [Object] ] },
  { name: 'N', children: [ [Object], [Object], [Object], [Object] ] },
  {
    name: 'navgroup6',
    children: [
      [Object], [Object],
      [Object], [Object],
      [Object], [Object],
      [Object], [Object]
    ]
  },
  { name: 'obi', path: '/admin/obi' },
  { name: 'P', children: [ [Object], [Object], [Object] ] },
  { name: 'R', children: [ [Object], [Object], [Object], [Object] ] },
  {
    name: 'S',
    children: [
      [Object], [Object],
      [Object], [Object],
      [Object], [Object],
      [Object], [Object]
    ]
  },
  {
    name: 'T',
    children: [ [Object], [Object], [Object], [Object], [Object] ]
  },
  { name: 'U', children: [ [Object], [Object], [Object], [Object] ] },
  { name: 'valan', path: '/valan' },
  { name: 'W', children: [ [Object], [Object] ] },
  { name: 'xpagesmanager1', path: '/admin/xpagesmanager1' },
  { name: 'zarnomanager', path: '/admin/zarnomanager' }
]
 GET /api/navigation 200 in 17ms
[?25h
