   ▲ Next.js 15.3.2
   - Local:        http://localhost:3000
   - Network:      http://192.168.50.23:3000
   - Environments: .env.local

 ✓ Starting...
 ✓ Ready in 1126ms
 ○ Compiling / ...
 ✓ Compiled / in 2.7s (1035 modules)
 HEAD / 200 in 2923ms
 ✓ Compiled in 534ms (464 modules)
 GET / 200 in 27ms
 ✓ Compiled /azulp1 in 349ms (1055 modules)
 GET /azulp1 200 in 491ms
 ✓ Compiled /favicon.ico in 107ms (592 modules)
 GET /favicon.ico 200 in 194ms
 GET /favicon.ico 200 in 12ms
 GET /azulp1 200 in 137ms
 GET /favicon.ico 200 in 15ms
 GET /favicon.ico 200 in 15ms
 GET /favicon.ico 200 in 9ms
 ○ Compiling /sitejar4 ...
 ✓ Compiled /sitejar4 in 718ms (1180 modules)
 GET /sitejar4 200 in 900ms
 ✓ Compiled /api/navigation in 131ms (1187 modules)
API: Starting navigation request...
API: Current working directory: /Users/kylecampbell/Documents/repos/localrepo-snefuru4
API: App directory path: /Users/kylecampbell/Documents/repos/localrepo-snefuru4/app
API: Protected directory path: /Users/kylecampbell/Documents/repos/localrepo-snefuru4/app/(protected)
API: Calling getNavigation...
API: Navigation items received: [
  { name: '[', children: [ [Object], [Object] ] },
  { name: 'azo', path: '/admin/azo' },
  { name: 'B', children: [ [Object], [Object], [Object] ] },
  { name: 'c', children: [ [Object] ] },
  {
    name: 'C',
    children: [
      [Object], [Object],
      [Object], [Object],
      [Object], [Object],
      [Object], [Object],
      [Object], [Object],
      [Object]
    ]
  },
  {
    name: 'D',
    children: [ [Object], [Object], [Object], [Object], [Object] ]
  },
  {
    name: 'F',
    children: [ [Object], [Object], [Object], [Object], [Object] ]
  },
  { name: 'gconjar1', path: '/gconjar1' },
  { name: 'H', children: [ [Object], [Object], [Object], [Object] ] },
  { name: 'J', children: [ [Object], [Object] ] },
  { name: 'K', children: [ [Object], [Object], [Object] ] },
  { name: 'mapping1', path: '/admin/mapping1' },
  { name: 'N', children: [ [Object], [Object], [Object], [Object] ] },
  {
    name: 'navgroup6',
    children: [
      [Object], [Object],
      [Object], [Object],
      [Object], [Object],
      [Object], [Object]
    ]
  },
  { name: 'P', children: [ [Object], [Object], [Object] ] },
  { name: 'R', children: [ [Object], [Object], [Object], [Object] ] },
  {
    name: 'S',
    children: [
      [Object], [Object],
      [Object], [Object],
      [Object], [Object],
      [Object]
    ]
  },
  {
    name: 'T',
    children: [ [Object], [Object], [Object], [Object], [Object] ]
  },
  { name: 'U', children: [ [Object], [Object], [Object], [Object] ] },
  { name: 'valan', path: '/valan' },
  { name: 'W', children: [ [Object], [Object] ] },
  { name: 'xpagesmanager1', path: '/admin/xpagesmanager1' },
  { name: 'zarnomanager', path: '/admin/zarnomanager' }
]
 GET /api/navigation 200 in 245ms
API: Starting navigation request...
API: Current working directory: /Users/kylecampbell/Documents/repos/localrepo-snefuru4
API: App directory path: /Users/kylecampbell/Documents/repos/localrepo-snefuru4/app
API: Protected directory path: /Users/kylecampbell/Documents/repos/localrepo-snefuru4/app/(protected)
API: Calling getNavigation...
API: Navigation items received: [
  { name: '[', children: [ [Object], [Object] ] },
  { name: 'azo', path: '/admin/azo' },
  { name: 'B', children: [ [Object], [Object], [Object] ] },
  { name: 'c', children: [ [Object] ] },
  {
    name: 'C',
    children: [
      [Object], [Object],
      [Object], [Object],
      [Object], [Object],
      [Object], [Object],
      [Object], [Object],
      [Object]
    ]
  },
  {
    name: 'D',
    children: [ [Object], [Object], [Object], [Object], [Object] ]
  },
  {
    name: 'F',
    children: [ [Object], [Object], [Object], [Object], [Object] ]
  },
  { name: 'gconjar1', path: '/gconjar1' },
  { name: 'H', children: [ [Object], [Object], [Object], [Object] ] },
  { name: 'J', children: [ [Object], [Object] ] },
  { name: 'K', children: [ [Object], [Object], [Object] ] },
  { name: 'mapping1', path: '/admin/mapping1' },
  { name: 'N', children: [ [Object], [Object], [Object], [Object] ] },
  {
    name: 'navgroup6',
    children: [
      [Object], [Object],
      [Object], [Object],
      [Object], [Object],
      [Object], [Object]
    ]
  },
  { name: 'P', children: [ [Object], [Object], [Object] ] },
  { name: 'R', children: [ [Object], [Object], [Object], [Object] ] },
  {
    name: 'S',
    children: [
      [Object], [Object],
      [Object], [Object],
      [Object], [Object],
      [Object]
    ]
  },
  {
    name: 'T',
    children: [ [Object], [Object], [Object], [Object], [Object] ]
  },
  { name: 'U', children: [ [Object], [Object], [Object], [Object] ] },
  { name: 'valan', path: '/valan' },
  { name: 'W', children: [ [Object], [Object] ] },
  { name: 'xpagesmanager1', path: '/admin/xpagesmanager1' },
  { name: 'zarnomanager', path: '/admin/zarnomanager' }
]
 GET /api/navigation 200 in 196ms
 ✓ Compiled /api/get_sitespren_data in 457ms (1268 modules)
Fetching sitespren data for user: a8febfdb-1fba-4f2a-b8ac-da4b4a2ddc64
API: Starting navigation request...
API: Current working directory: /Users/kylecampbell/Documents/repos/localrepo-snefuru4
API: App directory path: /Users/kylecampbell/Documents/repos/localrepo-snefuru4/app
API: Protected directory path: /Users/kylecampbell/Documents/repos/localrepo-snefuru4/app/(protected)
API: Calling getNavigation...
API: Navigation items received: [
  { name: '[', children: [ [Object], [Object] ] },
  { name: 'azo', path: '/admin/azo' },
  { name: 'B', children: [ [Object], [Object], [Object] ] },
  { name: 'c', children: [ [Object] ] },
  {
    name: 'C',
    children: [
      [Object], [Object],
      [Object], [Object],
      [Object], [Object],
      [Object], [Object],
      [Object], [Object],
      [Object]
    ]
  },
  {
    name: 'D',
    children: [ [Object], [Object], [Object], [Object], [Object] ]
  },
  {
    name: 'F',
    children: [ [Object], [Object], [Object], [Object], [Object] ]
  },
  { name: 'gconjar1', path: '/gconjar1' },
  { name: 'H', children: [ [Object], [Object], [Object], [Object] ] },
  { name: 'J', children: [ [Object], [Object] ] },
  { name: 'K', children: [ [Object], [Object], [Object] ] },
  { name: 'mapping1', path: '/admin/mapping1' },
  { name: 'N', children: [ [Object], [Object], [Object], [Object] ] },
  {
    name: 'navgroup6',
    children: [
      [Object], [Object],
      [Object], [Object],
      [Object], [Object],
      [Object], [Object]
    ]
  },
  { name: 'P', children: [ [Object], [Object], [Object] ] },
  { name: 'R', children: [ [Object], [Object], [Object], [Object] ] },
  {
    name: 'S',
    children: [
      [Object], [Object],
      [Object], [Object],
      [Object], [Object],
      [Object]
    ]
  },
  {
    name: 'T',
    children: [ [Object], [Object], [Object], [Object], [Object] ]
  },
  { name: 'U', children: [ [Object], [Object], [Object], [Object] ] },
  { name: 'valan', path: '/valan' },
  { name: 'W', children: [ [Object], [Object] ] },
  { name: 'xpagesmanager1', path: '/admin/xpagesmanager1' },
  { name: 'zarnomanager', path: '/admin/zarnomanager' }
]
 GET /api/navigation 200 in 343ms
API: Starting navigation request...
API: Current working directory: /Users/kylecampbell/Documents/repos/localrepo-snefuru4
API: App directory path: /Users/kylecampbell/Documents/repos/localrepo-snefuru4/app
API: Protected directory path: /Users/kylecampbell/Documents/repos/localrepo-snefuru4/app/(protected)
API: Calling getNavigation...
API: Navigation items received: [
  { name: '[', children: [ [Object], [Object] ] },
  { name: 'azo', path: '/admin/azo' },
  { name: 'B', children: [ [Object], [Object], [Object] ] },
  { name: 'c', children: [ [Object] ] },
  {
    name: 'C',
    children: [
      [Object], [Object],
      [Object], [Object],
      [Object], [Object],
      [Object], [Object],
      [Object], [Object],
      [Object]
    ]
  },
  {
    name: 'D',
    children: [ [Object], [Object], [Object], [Object], [Object] ]
  },
  {
    name: 'F',
    children: [ [Object], [Object], [Object], [Object], [Object] ]
  },
  { name: 'gconjar1', path: '/gconjar1' },
  { name: 'H', children: [ [Object], [Object], [Object], [Object] ] },
  { name: 'J', children: [ [Object], [Object] ] },
  { name: 'K', children: [ [Object], [Object], [Object] ] },
  { name: 'mapping1', path: '/admin/mapping1' },
  { name: 'N', children: [ [Object], [Object], [Object], [Object] ] },
  {
    name: 'navgroup6',
    children: [
      [Object], [Object],
      [Object], [Object],
      [Object], [Object],
      [Object], [Object]
    ]
  },
  { name: 'P', children: [ [Object], [Object], [Object] ] },
  { name: 'R', children: [ [Object], [Object], [Object], [Object] ] },
  {
    name: 'S',
    children: [
      [Object], [Object],
      [Object], [Object],
      [Object], [Object],
      [Object]
    ]
  },
  {
    name: 'T',
    children: [ [Object], [Object], [Object], [Object], [Object] ]
  },
  { name: 'U', children: [ [Object], [Object], [Object], [Object] ] },
  { name: 'valan', path: '/valan' },
  { name: 'W', children: [ [Object], [Object] ] },
  { name: 'xpagesmanager1', path: '/admin/xpagesmanager1' },
  { name: 'zarnomanager', path: '/admin/zarnomanager' }
]
 GET /api/navigation 200 in 22ms
Found sitespren records: 151
 GET /api/get_sitespren_data?user_internal_id=a8febfdb-1fba-4f2a-b8ac-da4b4a2ddc64 200 in 734ms
Fetching sitespren data for user: a8febfdb-1fba-4f2a-b8ac-da4b4a2ddc64
Found sitespren records: 151
 GET /api/get_sitespren_data?user_internal_id=a8febfdb-1fba-4f2a-b8ac-da4b4a2ddc64 200 in 181ms
 ✓ Compiled /api/sitespren_tags in 422ms (1363 modules)
[Error: Route "/api/sitespren_tags" used `cookies().get('sb-jerylujyofmmjukwlwvn-auth-token')`. `cookies()` should be awaited before using its value. Learn more: https://nextjs.org/docs/messages/sync-dynamic-apis]
[Error: Route "/api/sitespren_tags" used `cookies().get('sb-jerylujyofmmjukwlwvn-auth-token')`. `cookies()` should be awaited before using its value. Learn more: https://nextjs.org/docs/messages/sync-dynamic-apis]
[Error: Route "/api/sitespren_tags" used `cookies().get('sb-jerylujyofmmjukwlwvn-auth-token')`. `cookies()` should be awaited before using its value. Learn more: https://nextjs.org/docs/messages/sync-dynamic-apis]
 GET /api/sitespren_tags?user_internal_id=a8febfdb-1fba-4f2a-b8ac-da4b4a2ddc64 200 in 641ms
[Error: Route "/api/sitespren_tags" used `cookies().get('sb-jerylujyofmmjukwlwvn-auth-token')`. `cookies()` should be awaited before using its value. Learn more: https://nextjs.org/docs/messages/sync-dynamic-apis]
[Error: Route "/api/sitespren_tags" used `cookies().get('sb-jerylujyofmmjukwlwvn-auth-token')`. `cookies()` should be awaited before using its value. Learn more: https://nextjs.org/docs/messages/sync-dynamic-apis]
[Error: Route "/api/sitespren_tags" used `cookies().get('sb-jerylujyofmmjukwlwvn-auth-token')`. `cookies()` should be awaited before using its value. Learn more: https://nextjs.org/docs/messages/sync-dynamic-apis]
 GET /api/sitespren_tags?user_internal_id=a8febfdb-1fba-4f2a-b8ac-da4b4a2ddc64 200 in 119ms
 ✓ Compiled /bin65/charla1 in 413ms (1370 modules)
 GET /bin65/charla1 200 in 666ms
 ○ Compiling /admin/jetlamaster ...
 ✓ Compiled /admin/bensamaster in 701ms (1385 modules)
 ✓ Compiled in 148ms (512 modules)
API: Starting navigation request...
API: Current working directory: /Users/kylecampbell/Documents/repos/localrepo-snefuru4
API: App directory path: /Users/kylecampbell/Documents/repos/localrepo-snefuru4/app
API: Protected directory path: /Users/kylecampbell/Documents/repos/localrepo-snefuru4/app/(protected)
API: Calling getNavigation...
 GET /admin/bensamaster 200 in 456ms
 GET /admin/jetlamaster 200 in 1063ms
API: Navigation items received: [
  { name: '[', children: [ [Object], [Object] ] },
  { name: 'azo', path: '/admin/azo' },
  { name: 'B', children: [ [Object], [Object], [Object] ] },
  { name: 'c', children: [ [Object] ] },
  {
    name: 'C',
    children: [
      [Object], [Object],
      [Object], [Object],
      [Object], [Object],
      [Object], [Object],
      [Object], [Object],
      [Object]
    ]
  },
  {
    name: 'D',
    children: [ [Object], [Object], [Object], [Object], [Object] ]
  },
  {
    name: 'F',
    children: [ [Object], [Object], [Object], [Object], [Object] ]
  },
  { name: 'gconjar1', path: '/gconjar1' },
  { name: 'H', children: [ [Object], [Object], [Object], [Object] ] },
  { name: 'J', children: [ [Object], [Object] ] },
  { name: 'K', children: [ [Object], [Object], [Object] ] },
  { name: 'mapping1', path: '/admin/mapping1' },
  { name: 'N', children: [ [Object], [Object], [Object], [Object] ] },
  {
    name: 'navgroup6',
    children: [
      [Object], [Object],
      [Object], [Object],
      [Object], [Object],
      [Object], [Object]
    ]
  },
  { name: 'P', children: [ [Object], [Object], [Object] ] },
  { name: 'R', children: [ [Object], [Object], [Object], [Object] ] },
  {
    name: 'S',
    children: [
      [Object], [Object],
      [Object], [Object],
      [Object], [Object],
      [Object]
    ]
  },
  {
    name: 'T',
    children: [ [Object], [Object], [Object], [Object], [Object] ]
  },
  { name: 'U', children: [ [Object], [Object], [Object], [Object] ] },
  { name: 'valan', path: '/valan' },
  { name: 'W', children: [ [Object], [Object] ] },
  { name: 'xpagesmanager1', path: '/admin/xpagesmanager1' },
  { name: 'zarnomanager', path: '/admin/zarnomanager' }
]
 GET /api/navigation 200 in 995ms
 ✓ Compiled /admin/azo in 277ms (1409 modules)
 GET /admin/azo 200 in 357ms
API: Starting navigation request...
API: Current working directory: /Users/kylecampbell/Documents/repos/localrepo-snefuru4
API: App directory path: /Users/kylecampbell/Documents/repos/localrepo-snefuru4/app
API: Protected directory path: /Users/kylecampbell/Documents/repos/localrepo-snefuru4/app/(protected)
API: Calling getNavigation...
API: Navigation items received: [
  { name: '[', children: [ [Object], [Object] ] },
  { name: 'azo', path: '/admin/azo' },
  { name: 'B', children: [ [Object], [Object], [Object] ] },
  { name: 'c', children: [ [Object] ] },
  {
    name: 'C',
    children: [
      [Object], [Object],
      [Object], [Object],
      [Object], [Object],
      [Object], [Object],
      [Object], [Object],
      [Object]
    ]
  },
  {
    name: 'D',
    children: [ [Object], [Object], [Object], [Object], [Object] ]
  },
  {
    name: 'F',
    children: [ [Object], [Object], [Object], [Object], [Object] ]
  },
  { name: 'gconjar1', path: '/gconjar1' },
  { name: 'H', children: [ [Object], [Object], [Object], [Object] ] },
  { name: 'J', children: [ [Object], [Object] ] },
  { name: 'K', children: [ [Object], [Object], [Object] ] },
  { name: 'mapping1', path: '/admin/mapping1' },
  { name: 'N', children: [ [Object], [Object], [Object], [Object] ] },
  {
    name: 'navgroup6',
    children: [
      [Object], [Object],
      [Object], [Object],
      [Object], [Object],
      [Object], [Object]
    ]
  },
  { name: 'P', children: [ [Object], [Object], [Object] ] },
  { name: 'R', children: [ [Object], [Object], [Object], [Object] ] },
  {
    name: 'S',
    children: [
      [Object], [Object],
      [Object], [Object],
      [Object], [Object],
      [Object]
    ]
  },
  {
    name: 'T',
    children: [ [Object], [Object], [Object], [Object], [Object] ]
  },
  { name: 'U', children: [ [Object], [Object], [Object], [Object] ] },
  { name: 'valan', path: '/valan' },
  { name: 'W', children: [ [Object], [Object] ] },
  { name: 'xpagesmanager1', path: '/admin/xpagesmanager1' },
  { name: 'zarnomanager', path: '/admin/zarnomanager' }
]
 GET /api/navigation 200 in 121ms
API: Starting navigation request...
API: Current working directory: /Users/kylecampbell/Documents/repos/localrepo-snefuru4
API: App directory path: /Users/kylecampbell/Documents/repos/localrepo-snefuru4/app
API: Protected directory path: /Users/kylecampbell/Documents/repos/localrepo-snefuru4/app/(protected)
API: Calling getNavigation...
API: Navigation items received: [
  { name: '[', children: [ [Object], [Object] ] },
  { name: 'azo', path: '/admin/azo' },
  { name: 'B', children: [ [Object], [Object], [Object] ] },
  { name: 'c', children: [ [Object] ] },
  {
    name: 'C',
    children: [
      [Object], [Object],
      [Object], [Object],
      [Object], [Object],
      [Object], [Object],
      [Object], [Object],
      [Object]
    ]
  },
  {
    name: 'D',
    children: [ [Object], [Object], [Object], [Object], [Object] ]
  },
  {
    name: 'F',
    children: [ [Object], [Object], [Object], [Object], [Object] ]
  },
  { name: 'gconjar1', path: '/gconjar1' },
  { name: 'H', children: [ [Object], [Object], [Object], [Object] ] },
  { name: 'J', children: [ [Object], [Object] ] },
  { name: 'K', children: [ [Object], [Object], [Object] ] },
  { name: 'mapping1', path: '/admin/mapping1' },
  { name: 'N', children: [ [Object], [Object], [Object], [Object] ] },
  {
    name: 'navgroup6',
    children: [
      [Object], [Object],
      [Object], [Object],
      [Object], [Object],
      [Object], [Object]
    ]
  },
  { name: 'P', children: [ [Object], [Object], [Object] ] },
  { name: 'R', children: [ [Object], [Object], [Object], [Object] ] },
  {
    name: 'S',
    children: [
      [Object], [Object],
      [Object], [Object],
      [Object], [Object],
      [Object]
    ]
  },
  {
    name: 'T',
    children: [ [Object], [Object], [Object], [Object], [Object] ]
  },
  { name: 'U', children: [ [Object], [Object], [Object], [Object] ] },
  { name: 'valan', path: '/valan' },
  { name: 'W', children: [ [Object], [Object] ] },
  { name: 'xpagesmanager1', path: '/admin/xpagesmanager1' },
  { name: 'zarnomanager', path: '/admin/zarnomanager' }
]
 GET /api/navigation 200 in 19ms
API: Starting navigation request...
API: Current working directory: /Users/kylecampbell/Documents/repos/localrepo-snefuru4
API: App directory path: /Users/kylecampbell/Documents/repos/localrepo-snefuru4/app
API: Protected directory path: /Users/kylecampbell/Documents/repos/localrepo-snefuru4/app/(protected)
API: Calling getNavigation...
API: Navigation items received: [
  { name: '[', children: [ [Object], [Object] ] },
  { name: 'azo', path: '/admin/azo' },
  { name: 'B', children: [ [Object], [Object], [Object] ] },
  { name: 'c', children: [ [Object] ] },
  {
    name: 'C',
    children: [
      [Object], [Object],
      [Object], [Object],
      [Object], [Object],
      [Object], [Object],
      [Object], [Object],
      [Object]
    ]
  },
  {
    name: 'D',
    children: [ [Object], [Object], [Object], [Object], [Object] ]
  },
  {
    name: 'F',
    children: [ [Object], [Object], [Object], [Object], [Object] ]
  },
  { name: 'gconjar1', path: '/gconjar1' },
  { name: 'H', children: [ [Object], [Object], [Object], [Object] ] },
  { name: 'J', children: [ [Object], [Object] ] },
  { name: 'K', children: [ [Object], [Object], [Object] ] },
  { name: 'mapping1', path: '/admin/mapping1' },
  { name: 'N', children: [ [Object], [Object], [Object], [Object] ] },
  {
    name: 'navgroup6',
    children: [
      [Object], [Object],
      [Object], [Object],
      [Object], [Object],
      [Object], [Object]
    ]
  },
  { name: 'P', children: [ [Object], [Object], [Object] ] },
  { name: 'R', children: [ [Object], [Object], [Object], [Object] ] },
  {
    name: 'S',
    children: [
      [Object], [Object],
      [Object], [Object],
      [Object], [Object],
      [Object]
    ]
  },
  {
    name: 'T',
    children: [ [Object], [Object], [Object], [Object], [Object] ]
  },
  { name: 'U', children: [ [Object], [Object], [Object], [Object] ] },
  { name: 'valan', path: '/valan' },
  { name: 'W', children: [ [Object], [Object] ] },
  { name: 'xpagesmanager1', path: '/admin/xpagesmanager1' },
  { name: 'zarnomanager', path: '/admin/zarnomanager' }
]
 GET /api/navigation 200 in 24ms
API: Starting navigation request...
API: Current working directory: /Users/kylecampbell/Documents/repos/localrepo-snefuru4
API: App directory path: /Users/kylecampbell/Documents/repos/localrepo-snefuru4/app
API: Protected directory path: /Users/kylecampbell/Documents/repos/localrepo-snefuru4/app/(protected)
API: Calling getNavigation...
API: Navigation items received: [
  { name: '[', children: [ [Object], [Object] ] },
  { name: 'azo', path: '/admin/azo' },
  { name: 'B', children: [ [Object], [Object], [Object] ] },
  { name: 'c', children: [ [Object] ] },
  {
    name: 'C',
    children: [
      [Object], [Object],
      [Object], [Object],
      [Object], [Object],
      [Object], [Object],
      [Object], [Object],
      [Object]
    ]
  },
  {
    name: 'D',
    children: [ [Object], [Object], [Object], [Object], [Object] ]
  },
  {
    name: 'F',
    children: [ [Object], [Object], [Object], [Object], [Object] ]
  },
  { name: 'gconjar1', path: '/gconjar1' },
  { name: 'H', children: [ [Object], [Object], [Object], [Object] ] },
  { name: 'J', children: [ [Object], [Object] ] },
  { name: 'K', children: [ [Object], [Object], [Object] ] },
  { name: 'mapping1', path: '/admin/mapping1' },
  { name: 'N', children: [ [Object], [Object], [Object], [Object] ] },
  {
    name: 'navgroup6',
    children: [
      [Object], [Object],
      [Object], [Object],
      [Object], [Object],
      [Object], [Object]
    ]
  },
  { name: 'P', children: [ [Object], [Object], [Object] ] },
  { name: 'R', children: [ [Object], [Object], [Object], [Object] ] },
  {
    name: 'S',
    children: [
      [Object], [Object],
      [Object], [Object],
      [Object], [Object],
      [Object]
    ]
  },
  {
    name: 'T',
    children: [ [Object], [Object], [Object], [Object], [Object] ]
  },
  { name: 'U', children: [ [Object], [Object], [Object], [Object] ] },
  { name: 'valan', path: '/valan' },
  { name: 'W', children: [ [Object], [Object] ] },
  { name: 'xpagesmanager1', path: '/admin/xpagesmanager1' },
  { name: 'zarnomanager', path: '/admin/zarnomanager' }
]
 GET /api/navigation 200 in 17ms
API: Starting navigation request...
API: Current working directory: /Users/kylecampbell/Documents/repos/localrepo-snefuru4
API: App directory path: /Users/kylecampbell/Documents/repos/localrepo-snefuru4/app
API: Protected directory path: /Users/kylecampbell/Documents/repos/localrepo-snefuru4/app/(protected)
API: Calling getNavigation...
API: Navigation items received: [
  { name: '[', children: [ [Object], [Object] ] },
  { name: 'azo', path: '/admin/azo' },
  { name: 'B', children: [ [Object], [Object], [Object] ] },
  { name: 'c', children: [ [Object] ] },
  {
    name: 'C',
    children: [
      [Object], [Object],
      [Object], [Object],
      [Object], [Object],
      [Object], [Object],
      [Object], [Object],
      [Object]
    ]
  },
  {
    name: 'D',
    children: [ [Object], [Object], [Object], [Object], [Object] ]
  },
  {
    name: 'F',
    children: [ [Object], [Object], [Object], [Object], [Object] ]
  },
  { name: 'gconjar1', path: '/gconjar1' },
  { name: 'H', children: [ [Object], [Object], [Object], [Object] ] },
  { name: 'J', children: [ [Object], [Object] ] },
  { name: 'K', children: [ [Object], [Object], [Object] ] },
  { name: 'mapping1', path: '/admin/mapping1' },
  { name: 'N', children: [ [Object], [Object], [Object], [Object] ] },
  {
    name: 'navgroup6',
    children: [
      [Object], [Object],
      [Object], [Object],
      [Object], [Object],
      [Object], [Object]
    ]
  },
  { name: 'P', children: [ [Object], [Object], [Object] ] },
  { name: 'R', children: [ [Object], [Object], [Object], [Object] ] },
  {
    name: 'S',
    children: [
      [Object], [Object],
      [Object], [Object],
      [Object], [Object],
      [Object]
    ]
  },
  {
    name: 'T',
    children: [ [Object], [Object], [Object], [Object], [Object] ]
  },
  { name: 'U', children: [ [Object], [Object], [Object], [Object] ] },
  { name: 'valan', path: '/valan' },
  { name: 'W', children: [ [Object], [Object] ] },
  { name: 'xpagesmanager1', path: '/admin/xpagesmanager1' },
  { name: 'zarnomanager', path: '/admin/zarnomanager' }
]
 GET /api/navigation 200 in 17ms
API: Starting navigation request...
API: Current working directory: /Users/kylecampbell/Documents/repos/localrepo-snefuru4
API: App directory path: /Users/kylecampbell/Documents/repos/localrepo-snefuru4/app
API: Protected directory path: /Users/kylecampbell/Documents/repos/localrepo-snefuru4/app/(protected)
API: Calling getNavigation...
API: Navigation items received: [
  { name: '[', children: [ [Object], [Object] ] },
  { name: 'azo', path: '/admin/azo' },
  { name: 'B', children: [ [Object], [Object], [Object] ] },
  { name: 'c', children: [ [Object] ] },
  {
    name: 'C',
    children: [
      [Object], [Object],
      [Object], [Object],
      [Object], [Object],
      [Object], [Object],
      [Object], [Object],
      [Object]
    ]
  },
  {
    name: 'D',
    children: [ [Object], [Object], [Object], [Object], [Object] ]
  },
  {
    name: 'F',
    children: [ [Object], [Object], [Object], [Object], [Object] ]
  },
  { name: 'gconjar1', path: '/gconjar1' },
  { name: 'H', children: [ [Object], [Object], [Object], [Object] ] },
  { name: 'J', children: [ [Object], [Object] ] },
  { name: 'K', children: [ [Object], [Object], [Object] ] },
  { name: 'mapping1', path: '/admin/mapping1' },
  { name: 'N', children: [ [Object], [Object], [Object], [Object] ] },
  {
    name: 'navgroup6',
    children: [
      [Object], [Object],
      [Object], [Object],
      [Object], [Object],
      [Object], [Object]
    ]
  },
  { name: 'P', children: [ [Object], [Object], [Object] ] },
  { name: 'R', children: [ [Object], [Object], [Object], [Object] ] },
  {
    name: 'S',
    children: [
      [Object], [Object],
      [Object], [Object],
      [Object], [Object],
      [Object]
    ]
  },
  {
    name: 'T',
    children: [ [Object], [Object], [Object], [Object], [Object] ]
  },
  { name: 'U', children: [ [Object], [Object], [Object], [Object] ] },
  { name: 'valan', path: '/valan' },
  { name: 'W', children: [ [Object], [Object] ] },
  { name: 'xpagesmanager1', path: '/admin/xpagesmanager1' },
  { name: 'zarnomanager', path: '/admin/zarnomanager' }
]
 GET /api/navigation 200 in 16ms
API: Starting navigation request...
API: Current working directory: /Users/kylecampbell/Documents/repos/localrepo-snefuru4
API: App directory path: /Users/kylecampbell/Documents/repos/localrepo-snefuru4/app
API: Protected directory path: /Users/kylecampbell/Documents/repos/localrepo-snefuru4/app/(protected)
API: Calling getNavigation...
API: Navigation items received: [
  { name: '[', children: [ [Object], [Object] ] },
  { name: 'azo', path: '/admin/azo' },
  { name: 'B', children: [ [Object], [Object], [Object] ] },
  { name: 'c', children: [ [Object] ] },
  {
    name: 'C',
    children: [
      [Object], [Object],
      [Object], [Object],
      [Object], [Object],
      [Object], [Object],
      [Object], [Object],
      [Object]
    ]
  },
  {
    name: 'D',
    children: [ [Object], [Object], [Object], [Object], [Object] ]
  },
  {
    name: 'F',
    children: [ [Object], [Object], [Object], [Object], [Object] ]
  },
  { name: 'gconjar1', path: '/gconjar1' },
  { name: 'H', children: [ [Object], [Object], [Object], [Object] ] },
  { name: 'J', children: [ [Object], [Object] ] },
  { name: 'K', children: [ [Object], [Object], [Object] ] },
  { name: 'mapping1', path: '/admin/mapping1' },
  { name: 'N', children: [ [Object], [Object], [Object], [Object] ] },
  {
    name: 'navgroup6',
    children: [
      [Object], [Object],
      [Object], [Object],
      [Object], [Object],
      [Object], [Object]
    ]
  },
  { name: 'P', children: [ [Object], [Object], [Object] ] },
  { name: 'R', children: [ [Object], [Object], [Object], [Object] ] },
  {
    name: 'S',
    children: [
      [Object], [Object],
      [Object], [Object],
      [Object], [Object],
      [Object]
    ]
  },
  {
    name: 'T',
    children: [ [Object], [Object], [Object], [Object], [Object] ]
  },
  { name: 'U', children: [ [Object], [Object], [Object], [Object] ] },
  { name: 'valan', path: '/valan' },
  { name: 'W', children: [ [Object], [Object] ] },
  { name: 'xpagesmanager1', path: '/admin/xpagesmanager1' },
  { name: 'zarnomanager', path: '/admin/zarnomanager' }
]
 GET /api/navigation 200 in 17ms
API: Starting navigation request...
API: Current working directory: /Users/kylecampbell/Documents/repos/localrepo-snefuru4
API: App directory path: /Users/kylecampbell/Documents/repos/localrepo-snefuru4/app
API: Protected directory path: /Users/kylecampbell/Documents/repos/localrepo-snefuru4/app/(protected)
API: Calling getNavigation...
API: Navigation items received: [
  { name: '[', children: [ [Object], [Object] ] },
  { name: 'azo', path: '/admin/azo' },
  { name: 'B', children: [ [Object], [Object], [Object] ] },
  { name: 'c', children: [ [Object] ] },
  {
    name: 'C',
    children: [
      [Object], [Object],
      [Object], [Object],
      [Object], [Object],
      [Object], [Object],
      [Object], [Object],
      [Object]
    ]
  },
  {
    name: 'D',
    children: [ [Object], [Object], [Object], [Object], [Object] ]
  },
  {
    name: 'F',
    children: [ [Object], [Object], [Object], [Object], [Object] ]
  },
  { name: 'gconjar1', path: '/gconjar1' },
  { name: 'H', children: [ [Object], [Object], [Object], [Object] ] },
  { name: 'J', children: [ [Object], [Object] ] },
  { name: 'K', children: [ [Object], [Object], [Object] ] },
  { name: 'mapping1', path: '/admin/mapping1' },
  { name: 'N', children: [ [Object], [Object], [Object], [Object] ] },
  {
    name: 'navgroup6',
    children: [
      [Object], [Object],
      [Object], [Object],
      [Object], [Object],
      [Object], [Object]
    ]
  },
  { name: 'P', children: [ [Object], [Object], [Object] ] },
  { name: 'R', children: [ [Object], [Object], [Object], [Object] ] },
  {
    name: 'S',
    children: [
      [Object], [Object],
      [Object], [Object],
      [Object], [Object],
      [Object]
    ]
  },
  {
    name: 'T',
    children: [ [Object], [Object], [Object], [Object], [Object] ]
  },
  { name: 'U', children: [ [Object], [Object], [Object], [Object] ] },
  { name: 'valan', path: '/valan' },
  { name: 'W', children: [ [Object], [Object] ] },
  { name: 'xpagesmanager1', path: '/admin/xpagesmanager1' },
  { name: 'zarnomanager', path: '/admin/zarnomanager' }
]
 GET /api/navigation 200 in 16ms
API: Starting navigation request...
API: Current working directory: /Users/kylecampbell/Documents/repos/localrepo-snefuru4
API: App directory path: /Users/kylecampbell/Documents/repos/localrepo-snefuru4/app
API: Protected directory path: /Users/kylecampbell/Documents/repos/localrepo-snefuru4/app/(protected)
API: Calling getNavigation...
API: Navigation items received: [
  { name: '[', children: [ [Object], [Object] ] },
  { name: 'azo', path: '/admin/azo' },
  { name: 'B', children: [ [Object], [Object], [Object] ] },
  { name: 'c', children: [ [Object] ] },
  {
    name: 'C',
    children: [
      [Object], [Object],
      [Object], [Object],
      [Object], [Object],
      [Object], [Object],
      [Object], [Object],
      [Object]
    ]
  },
  {
    name: 'D',
    children: [ [Object], [Object], [Object], [Object], [Object] ]
  },
  {
    name: 'F',
    children: [ [Object], [Object], [Object], [Object], [Object] ]
  },
  { name: 'gconjar1', path: '/gconjar1' },
  { name: 'H', children: [ [Object], [Object], [Object], [Object] ] },
  { name: 'J', children: [ [Object], [Object] ] },
  { name: 'K', children: [ [Object], [Object], [Object] ] },
  { name: 'mapping1', path: '/admin/mapping1' },
  { name: 'N', children: [ [Object], [Object], [Object], [Object] ] },
  {
    name: 'navgroup6',
    children: [
      [Object], [Object],
      [Object], [Object],
      [Object], [Object],
      [Object], [Object]
    ]
  },
  { name: 'P', children: [ [Object], [Object], [Object] ] },
  { name: 'R', children: [ [Object], [Object], [Object], [Object] ] },
  {
    name: 'S',
    children: [
      [Object], [Object],
      [Object], [Object],
      [Object], [Object],
      [Object]
    ]
  },
  {
    name: 'T',
    children: [ [Object], [Object], [Object], [Object], [Object] ]
  },
  { name: 'U', children: [ [Object], [Object], [Object], [Object] ] },
  { name: 'valan', path: '/valan' },
  { name: 'W', children: [ [Object], [Object] ] },
  { name: 'xpagesmanager1', path: '/admin/xpagesmanager1' },
  { name: 'zarnomanager', path: '/admin/zarnomanager' }
]
 GET /api/navigation 200 in 19ms
API: Starting navigation request...
API: Current working directory: /Users/kylecampbell/Documents/repos/localrepo-snefuru4
API: App directory path: /Users/kylecampbell/Documents/repos/localrepo-snefuru4/app
API: Protected directory path: /Users/kylecampbell/Documents/repos/localrepo-snefuru4/app/(protected)
API: Calling getNavigation...
API: Navigation items received: [
  { name: '[', children: [ [Object], [Object] ] },
  { name: 'azo', path: '/admin/azo' },
  { name: 'B', children: [ [Object], [Object], [Object] ] },
  { name: 'c', children: [ [Object] ] },
  {
    name: 'C',
    children: [
      [Object], [Object],
      [Object], [Object],
      [Object], [Object],
      [Object], [Object],
      [Object], [Object],
      [Object]
    ]
  },
  {
    name: 'D',
    children: [ [Object], [Object], [Object], [Object], [Object] ]
  },
  {
    name: 'F',
    children: [ [Object], [Object], [Object], [Object], [Object] ]
  },
  { name: 'gconjar1', path: '/gconjar1' },
  { name: 'H', children: [ [Object], [Object], [Object], [Object] ] },
  { name: 'J', children: [ [Object], [Object] ] },
  { name: 'K', children: [ [Object], [Object], [Object] ] },
  { name: 'mapping1', path: '/admin/mapping1' },
  { name: 'N', children: [ [Object], [Object], [Object], [Object] ] },
  {
    name: 'navgroup6',
    children: [
      [Object], [Object],
      [Object], [Object],
      [Object], [Object],
      [Object], [Object]
    ]
  },
  { name: 'P', children: [ [Object], [Object], [Object] ] },
  { name: 'R', children: [ [Object], [Object], [Object], [Object] ] },
  {
    name: 'S',
    children: [
      [Object], [Object],
      [Object], [Object],
      [Object], [Object],
      [Object]
    ]
  },
  {
    name: 'T',
    children: [ [Object], [Object], [Object], [Object], [Object] ]
  },
  { name: 'U', children: [ [Object], [Object], [Object], [Object] ] },
  { name: 'valan', path: '/valan' },
  { name: 'W', children: [ [Object], [Object] ] },
  { name: 'xpagesmanager1', path: '/admin/xpagesmanager1' },
  { name: 'zarnomanager', path: '/admin/zarnomanager' }
]
 GET /api/navigation 200 in 35ms
 ✓ Compiled /admin/coltempcommand in 391ms (1416 modules)
API: Starting navigation request...
API: Current working directory: /Users/kylecampbell/Documents/repos/localrepo-snefuru4
API: App directory path: /Users/kylecampbell/Documents/repos/localrepo-snefuru4/app
API: Protected directory path: /Users/kylecampbell/Documents/repos/localrepo-snefuru4/app/(protected)
API: Calling getNavigation...
 GET /admin/coltempcommand 200 in 564ms
API: Navigation items received: [
  { name: '[', children: [ [Object], [Object] ] },
  { name: 'azo', path: '/admin/azo' },
  { name: 'B', children: [ [Object], [Object], [Object] ] },
  { name: 'c', children: [ [Object] ] },
  {
    name: 'C',
    children: [
      [Object], [Object],
      [Object], [Object],
      [Object], [Object],
      [Object], [Object],
      [Object], [Object],
      [Object]
    ]
  },
  {
    name: 'D',
    children: [ [Object], [Object], [Object], [Object], [Object] ]
  },
  {
    name: 'F',
    children: [ [Object], [Object], [Object], [Object], [Object] ]
  },
  { name: 'gconjar1', path: '/gconjar1' },
  { name: 'H', children: [ [Object], [Object], [Object], [Object] ] },
  { name: 'J', children: [ [Object], [Object] ] },
  { name: 'K', children: [ [Object], [Object], [Object] ] },
  { name: 'mapping1', path: '/admin/mapping1' },
  { name: 'N', children: [ [Object], [Object], [Object], [Object] ] },
  {
    name: 'navgroup6',
    children: [
      [Object], [Object],
      [Object], [Object],
      [Object], [Object],
      [Object], [Object]
    ]
  },
  { name: 'P', children: [ [Object], [Object], [Object] ] },
  { name: 'R', children: [ [Object], [Object], [Object], [Object] ] },
  {
    name: 'S',
    children: [
      [Object], [Object],
      [Object], [Object],
      [Object], [Object],
      [Object]
    ]
  },
  {
    name: 'T',
    children: [ [Object], [Object], [Object], [Object], [Object] ]
  },
  { name: 'U', children: [ [Object], [Object], [Object], [Object] ] },
  { name: 'valan', path: '/valan' },
  { name: 'W', children: [ [Object], [Object] ] },
  { name: 'xpagesmanager1', path: '/admin/xpagesmanager1' },
  { name: 'zarnomanager', path: '/admin/zarnomanager' }
]
 GET /api/navigation 200 in 577ms
API: Starting navigation request...
API: Current working directory: /Users/kylecampbell/Documents/repos/localrepo-snefuru4
API: App directory path: /Users/kylecampbell/Documents/repos/localrepo-snefuru4/app
API: Protected directory path: /Users/kylecampbell/Documents/repos/localrepo-snefuru4/app/(protected)
API: Calling getNavigation...
API: Navigation items received: [
  { name: '[', children: [ [Object], [Object] ] },
  { name: 'azo', path: '/admin/azo' },
  { name: 'B', children: [ [Object], [Object], [Object] ] },
  { name: 'c', children: [ [Object] ] },
  {
    name: 'C',
    children: [
      [Object], [Object],
      [Object], [Object],
      [Object], [Object],
      [Object], [Object],
      [Object], [Object],
      [Object]
    ]
  },
  {
    name: 'D',
    children: [ [Object], [Object], [Object], [Object], [Object] ]
  },
  {
    name: 'F',
    children: [ [Object], [Object], [Object], [Object], [Object] ]
  },
  { name: 'gconjar1', path: '/gconjar1' },
  { name: 'H', children: [ [Object], [Object], [Object], [Object] ] },
  { name: 'J', children: [ [Object], [Object] ] },
  { name: 'K', children: [ [Object], [Object], [Object] ] },
  { name: 'mapping1', path: '/admin/mapping1' },
  { name: 'N', children: [ [Object], [Object], [Object], [Object] ] },
  {
    name: 'navgroup6',
    children: [
      [Object], [Object],
      [Object], [Object],
      [Object], [Object],
      [Object], [Object]
    ]
  },
  { name: 'P', children: [ [Object], [Object], [Object] ] },
  { name: 'R', children: [ [Object], [Object], [Object], [Object] ] },
  {
    name: 'S',
    children: [
      [Object], [Object],
      [Object], [Object],
      [Object], [Object],
      [Object]
    ]
  },
  {
    name: 'T',
    children: [ [Object], [Object], [Object], [Object], [Object] ]
  },
  { name: 'U', children: [ [Object], [Object], [Object], [Object] ] },
  { name: 'valan', path: '/valan' },
  { name: 'W', children: [ [Object], [Object] ] },
  { name: 'xpagesmanager1', path: '/admin/xpagesmanager1' },
  { name: 'zarnomanager', path: '/admin/zarnomanager' }
]
 GET /api/navigation 200 in 90ms
API: Starting navigation request...
API: Current working directory: /Users/kylecampbell/Documents/repos/localrepo-snefuru4
API: App directory path: /Users/kylecampbell/Documents/repos/localrepo-snefuru4/app
API: Protected directory path: /Users/kylecampbell/Documents/repos/localrepo-snefuru4/app/(protected)
API: Calling getNavigation...
API: Navigation items received: [
  { name: '[', children: [ [Object], [Object] ] },
  { name: 'azo', path: '/admin/azo' },
  { name: 'B', children: [ [Object], [Object], [Object] ] },
  { name: 'c', children: [ [Object] ] },
  {
    name: 'C',
    children: [
      [Object], [Object],
      [Object], [Object],
      [Object], [Object],
      [Object], [Object],
      [Object], [Object],
      [Object]
    ]
  },
  {
    name: 'D',
    children: [ [Object], [Object], [Object], [Object], [Object] ]
  },
  {
    name: 'F',
    children: [ [Object], [Object], [Object], [Object], [Object] ]
  },
  { name: 'gconjar1', path: '/gconjar1' },
  { name: 'H', children: [ [Object], [Object], [Object], [Object] ] },
  { name: 'J', children: [ [Object], [Object] ] },
  { name: 'K', children: [ [Object], [Object], [Object] ] },
  { name: 'mapping1', path: '/admin/mapping1' },
  { name: 'N', children: [ [Object], [Object], [Object], [Object] ] },
  {
    name: 'navgroup6',
    children: [
      [Object], [Object],
      [Object], [Object],
      [Object], [Object],
      [Object], [Object]
    ]
  },
  { name: 'P', children: [ [Object], [Object], [Object] ] },
  { name: 'R', children: [ [Object], [Object], [Object], [Object] ] },
  {
    name: 'S',
    children: [
      [Object], [Object],
      [Object], [Object],
      [Object], [Object],
      [Object]
    ]
  },
  {
    name: 'T',
    children: [ [Object], [Object], [Object], [Object], [Object] ]
  },
  { name: 'U', children: [ [Object], [Object], [Object], [Object] ] },
  { name: 'valan', path: '/valan' },
  { name: 'W', children: [ [Object], [Object] ] },
  { name: 'xpagesmanager1', path: '/admin/xpagesmanager1' },
  { name: 'zarnomanager', path: '/admin/zarnomanager' }
]
 GET /api/navigation 200 in 130ms
API: Starting navigation request...
API: Current working directory: /Users/kylecampbell/Documents/repos/localrepo-snefuru4
API: App directory path: /Users/kylecampbell/Documents/repos/localrepo-snefuru4/app
API: Protected directory path: /Users/kylecampbell/Documents/repos/localrepo-snefuru4/app/(protected)
API: Calling getNavigation...
API: Navigation items received: [
  { name: '[', children: [ [Object], [Object] ] },
  { name: 'azo', path: '/admin/azo' },
  { name: 'B', children: [ [Object], [Object], [Object] ] },
  { name: 'c', children: [ [Object] ] },
  {
    name: 'C',
    children: [
      [Object], [Object],
      [Object], [Object],
      [Object], [Object],
      [Object], [Object],
      [Object], [Object],
      [Object]
    ]
  },
  {
    name: 'D',
    children: [ [Object], [Object], [Object], [Object], [Object] ]
  },
  {
    name: 'F',
    children: [ [Object], [Object], [Object], [Object], [Object] ]
  },
  { name: 'gconjar1', path: '/gconjar1' },
  { name: 'H', children: [ [Object], [Object], [Object], [Object] ] },
  { name: 'J', children: [ [Object], [Object] ] },
  { name: 'K', children: [ [Object], [Object], [Object] ] },
  { name: 'mapping1', path: '/admin/mapping1' },
  { name: 'N', children: [ [Object], [Object], [Object], [Object] ] },
  {
    name: 'navgroup6',
    children: [
      [Object], [Object],
      [Object], [Object],
      [Object], [Object],
      [Object], [Object]
    ]
  },
  { name: 'P', children: [ [Object], [Object], [Object] ] },
  { name: 'R', children: [ [Object], [Object], [Object], [Object] ] },
  {
    name: 'S',
    children: [
      [Object], [Object],
      [Object], [Object],
      [Object], [Object],
      [Object]
    ]
  },
  {
    name: 'T',
    children: [ [Object], [Object], [Object], [Object], [Object] ]
  },
  { name: 'U', children: [ [Object], [Object], [Object], [Object] ] },
  { name: 'valan', path: '/valan' },
  { name: 'W', children: [ [Object], [Object] ] },
  { name: 'xpagesmanager1', path: '/admin/xpagesmanager1' },
  { name: 'zarnomanager', path: '/admin/zarnomanager' }
]
 GET /api/navigation 200 in 16ms
API: Starting navigation request...
API: Current working directory: /Users/kylecampbell/Documents/repos/localrepo-snefuru4
API: App directory path: /Users/kylecampbell/Documents/repos/localrepo-snefuru4/app
API: Protected directory path: /Users/kylecampbell/Documents/repos/localrepo-snefuru4/app/(protected)
API: Calling getNavigation...
API: Navigation items received: [
  { name: '[', children: [ [Object], [Object] ] },
  { name: 'azo', path: '/admin/azo' },
  { name: 'B', children: [ [Object], [Object], [Object] ] },
  { name: 'c', children: [ [Object] ] },
  {
    name: 'C',
    children: [
      [Object], [Object],
      [Object], [Object],
      [Object], [Object],
      [Object], [Object],
      [Object], [Object],
      [Object]
    ]
  },
  {
    name: 'D',
    children: [ [Object], [Object], [Object], [Object], [Object] ]
  },
  {
    name: 'F',
    children: [ [Object], [Object], [Object], [Object], [Object] ]
  },
  { name: 'gconjar1', path: '/gconjar1' },
  { name: 'H', children: [ [Object], [Object], [Object], [Object] ] },
  { name: 'J', children: [ [Object], [Object] ] },
  { name: 'K', children: [ [Object], [Object], [Object] ] },
  { name: 'mapping1', path: '/admin/mapping1' },
  { name: 'N', children: [ [Object], [Object], [Object], [Object] ] },
  {
    name: 'navgroup6',
    children: [
      [Object], [Object],
      [Object], [Object],
      [Object], [Object],
      [Object], [Object]
    ]
  },
  { name: 'P', children: [ [Object], [Object], [Object] ] },
  { name: 'R', children: [ [Object], [Object], [Object], [Object] ] },
  {
    name: 'S',
    children: [
      [Object], [Object],
      [Object], [Object],
      [Object], [Object],
      [Object]
    ]
  },
  {
    name: 'T',
    children: [ [Object], [Object], [Object], [Object], [Object] ]
  },
  { name: 'U', children: [ [Object], [Object], [Object], [Object] ] },
  { name: 'valan', path: '/valan' },
  { name: 'W', children: [ [Object], [Object] ] },
  { name: 'xpagesmanager1', path: '/admin/xpagesmanager1' },
  { name: 'zarnomanager', path: '/admin/zarnomanager' }
]
 GET /api/navigation 200 in 17ms
API: Starting navigation request...
API: Current working directory: /Users/kylecampbell/Documents/repos/localrepo-snefuru4
API: App directory path: /Users/kylecampbell/Documents/repos/localrepo-snefuru4/app
API: Protected directory path: /Users/kylecampbell/Documents/repos/localrepo-snefuru4/app/(protected)
API: Calling getNavigation...
API: Navigation items received: [
  { name: '[', children: [ [Object], [Object] ] },
  { name: 'azo', path: '/admin/azo' },
  { name: 'B', children: [ [Object], [Object], [Object] ] },
  { name: 'c', children: [ [Object] ] },
  {
    name: 'C',
    children: [
      [Object], [Object],
      [Object], [Object],
      [Object], [Object],
      [Object], [Object],
      [Object], [Object],
      [Object]
    ]
  },
  {
    name: 'D',
    children: [ [Object], [Object], [Object], [Object], [Object] ]
  },
  {
    name: 'F',
    children: [ [Object], [Object], [Object], [Object], [Object] ]
  },
  { name: 'gconjar1', path: '/gconjar1' },
  { name: 'H', children: [ [Object], [Object], [Object], [Object] ] },
  { name: 'J', children: [ [Object], [Object] ] },
  { name: 'K', children: [ [Object], [Object], [Object] ] },
  { name: 'mapping1', path: '/admin/mapping1' },
  { name: 'N', children: [ [Object], [Object], [Object], [Object] ] },
  {
    name: 'navgroup6',
    children: [
      [Object], [Object],
      [Object], [Object],
      [Object], [Object],
      [Object], [Object]
    ]
  },
  { name: 'P', children: [ [Object], [Object], [Object] ] },
  { name: 'R', children: [ [Object], [Object], [Object], [Object] ] },
  {
    name: 'S',
    children: [
      [Object], [Object],
      [Object], [Object],
      [Object], [Object],
      [Object]
    ]
  },
  {
    name: 'T',
    children: [ [Object], [Object], [Object], [Object], [Object] ]
  },
  { name: 'U', children: [ [Object], [Object], [Object], [Object] ] },
  { name: 'valan', path: '/valan' },
  { name: 'W', children: [ [Object], [Object] ] },
  { name: 'xpagesmanager1', path: '/admin/xpagesmanager1' },
  { name: 'zarnomanager', path: '/admin/zarnomanager' }
]
 GET /api/navigation 200 in 16ms
 GET /admin/azo?xpage_id=5 200 in 38ms
 GET /admin/azo?xpage_id=5&utg_id=utg_tornado 200 in 34ms
 GET /admin/azo?xpage_id=5&utg_id=utg_tornado&zarno_id=2 200 in 44ms
 ✓ Compiled in 928ms (1214 modules)
 GET /bin65/charla1 200 in 137ms
 GET /sitejar4 200 in 184ms
 GET /admin/azo?xpage_id=5&utg_id=utg_tornado&zarno_id=2 200 in 185ms
 GET /admin/bensamaster 200 in 211ms
 GET /admin/jetlamaster 200 in 229ms
 GET /admin/coltempcommand 200 in 230ms
 ✓ Compiled in 593ms (1214 modules)
 GET /bin65/charla1 200 in 83ms
 GET /sitejar4 200 in 141ms
 GET /admin/jetlamaster 200 in 150ms
 GET /admin/bensamaster 200 in 153ms
 GET /admin/coltempcommand 200 in 155ms
 GET /admin/azo?xpage_id=5&utg_id=utg_tornado&zarno_id=2 200 in 157ms
 ✓ Compiled in 345ms (1214 modules)
 GET /bin65/charla1 200 in 83ms
 GET /admin/coltempcommand 200 in 146ms
 GET /admin/bensamaster 200 in 148ms
 GET /admin/azo?xpage_id=5&utg_id=utg_tornado&zarno_id=2 200 in 147ms
 GET /admin/jetlamaster 200 in 151ms
 GET /sitejar4 200 in 149ms
 ✓ Compiled in 433ms (1214 modules)
 GET /bin65/charla1 200 in 165ms
 GET /sitejar4 200 in 203ms
 GET /admin/jetlamaster 200 in 206ms
 GET /admin/bensamaster 200 in 207ms
 GET /admin/azo?xpage_id=5&utg_id=utg_tornado&zarno_id=2 200 in 208ms
 GET /admin/coltempcommand 200 in 209ms
 ✓ Compiled in 352ms (1214 modules)
 GET /bin65/charla1 200 in 132ms
 GET /admin/azo?xpage_id=5&utg_id=utg_tornado&zarno_id=2 200 in 141ms
 GET /admin/bensamaster 200 in 143ms
 GET /admin/jetlamaster 200 in 142ms
 GET /admin/coltempcommand 200 in 145ms
 GET /sitejar4 200 in 141ms
 GET /admin/azo?xpage_id=5&utg_id=utg_tornado&zarno_id=2&tab=zarnos 200 in 196ms
 GET /admin/azo?xpage_id=5&utg_id=utg_tornado&zarno_id=2&tab=utgs 200 in 204ms
 GET /admin/azo?xpage_id=5&utg_id=utg_tornado&zarno_id=2&tab=xpages 200 in 177ms
 GET /admin/azo?xpage_id=5&utg_id=utg_tornado&zarno_id=2&tab=utgs 200 in 187ms
 GET /admin/azo?xpage_id=5&utg_id=utg_tornado&zarno_id=2&tab=zarnos 200 in 206ms
 GET /admin/azo?xpage_id=5&utg_id=utg_tornado&zarno_id=2&tab=utgs 200 in 198ms
 GET /admin/azo?xpage_id=5&utg_id=utg_tornado&zarno_id=2&tab=xpages 200 in 15ms
 GET /admin/azo?xpage_id=5&utg_id=utg_tornado&zarno_id=2&tab=xpages 200 in 107ms
 ○ Compiling /api/navigation ...
 ✓ Compiled /api/navigation in 629ms (695 modules)
 ✓ Compiled (701 modules)
 GET /favicon.ico 200 in 976ms
API: Starting navigation request...
API: Current working directory: /Users/kylecampbell/Documents/repos/localrepo-snefuru4
API: App directory path: /Users/kylecampbell/Documents/repos/localrepo-snefuru4/app
API: Protected directory path: /Users/kylecampbell/Documents/repos/localrepo-snefuru4/app/(protected)
API: Calling getNavigation...
 GET /favicon.ico 200 in 10ms
 GET /favicon.ico 200 in 12ms
API: Navigation items received: [
  { name: '[', children: [ [Object], [Object] ] },
  { name: 'azo', path: '/admin/azo' },
  { name: 'B', children: [ [Object], [Object], [Object] ] },
  { name: 'c', children: [ [Object] ] },
  {
    name: 'C',
    children: [
      [Object], [Object],
      [Object], [Object],
      [Object], [Object],
      [Object], [Object],
      [Object], [Object],
      [Object]
    ]
  },
  {
    name: 'D',
    children: [ [Object], [Object], [Object], [Object], [Object] ]
  },
  {
    name: 'F',
    children: [ [Object], [Object], [Object], [Object], [Object] ]
  },
  { name: 'gconjar1', path: '/gconjar1' },
  { name: 'H', children: [ [Object], [Object], [Object], [Object] ] },
  { name: 'J', children: [ [Object], [Object] ] },
  { name: 'K', children: [ [Object], [Object], [Object] ] },
  { name: 'mapping1', path: '/admin/mapping1' },
  { name: 'N', children: [ [Object], [Object], [Object], [Object] ] },
  {
    name: 'navgroup6',
    children: [
      [Object], [Object],
      [Object], [Object],
      [Object], [Object],
      [Object], [Object]
    ]
  },
  { name: 'P', children: [ [Object], [Object], [Object] ] },
  { name: 'R', children: [ [Object], [Object], [Object], [Object] ] },
  {
    name: 'S',
    children: [
      [Object], [Object],
      [Object], [Object],
      [Object], [Object],
      [Object]
    ]
  },
  {
    name: 'T',
    children: [ [Object], [Object], [Object], [Object], [Object] ]
  },
  { name: 'U', children: [ [Object], [Object], [Object], [Object] ] },
  { name: 'valan', path: '/valan' },
  { name: 'W', children: [ [Object], [Object] ] },
  { name: 'xpagesmanager1', path: '/admin/xpagesmanager1' },
  { name: 'zarnomanager', path: '/admin/zarnomanager' }
]
 GET /api/navigation 200 in 982ms
API: Starting navigation request...
API: Current working directory: /Users/kylecampbell/Documents/repos/localrepo-snefuru4
API: App directory path: /Users/kylecampbell/Documents/repos/localrepo-snefuru4/app
API: Protected directory path: /Users/kylecampbell/Documents/repos/localrepo-snefuru4/app/(protected)
API: Calling getNavigation...
API: Navigation items received: [
  { name: '[', children: [ [Object], [Object] ] },
  { name: 'azo', path: '/admin/azo' },
  { name: 'B', children: [ [Object], [Object], [Object] ] },
  { name: 'c', children: [ [Object] ] },
  {
    name: 'C',
    children: [
      [Object], [Object],
      [Object], [Object],
      [Object], [Object],
      [Object], [Object],
      [Object], [Object],
      [Object]
    ]
  },
  {
    name: 'D',
    children: [ [Object], [Object], [Object], [Object], [Object] ]
  },
  {
    name: 'F',
    children: [ [Object], [Object], [Object], [Object], [Object] ]
  },
  { name: 'gconjar1', path: '/gconjar1' },
  { name: 'H', children: [ [Object], [Object], [Object], [Object] ] },
  { name: 'J', children: [ [Object], [Object] ] },
  { name: 'K', children: [ [Object], [Object], [Object] ] },
  { name: 'mapping1', path: '/admin/mapping1' },
  { name: 'N', children: [ [Object], [Object], [Object], [Object] ] },
  {
    name: 'navgroup6',
    children: [
      [Object], [Object],
      [Object], [Object],
      [Object], [Object],
      [Object], [Object]
    ]
  },
  { name: 'P', children: [ [Object], [Object], [Object] ] },
  { name: 'R', children: [ [Object], [Object], [Object], [Object] ] },
  {
    name: 'S',
    children: [
      [Object], [Object],
      [Object], [Object],
      [Object], [Object],
      [Object]
    ]
  },
  {
    name: 'T',
    children: [ [Object], [Object], [Object], [Object], [Object] ]
  },
  { name: 'U', children: [ [Object], [Object], [Object], [Object] ] },
  { name: 'valan', path: '/valan' },
  { name: 'W', children: [ [Object], [Object] ] },
  { name: 'xpagesmanager1', path: '/admin/xpagesmanager1' },
  { name: 'zarnomanager', path: '/admin/zarnomanager' }
]
 GET /api/navigation 200 in 17ms
API: Starting navigation request...
API: Current working directory: /Users/kylecampbell/Documents/repos/localrepo-snefuru4
API: App directory path: /Users/kylecampbell/Documents/repos/localrepo-snefuru4/app
API: Protected directory path: /Users/kylecampbell/Documents/repos/localrepo-snefuru4/app/(protected)
API: Calling getNavigation...
API: Navigation items received: [
  { name: '[', children: [ [Object], [Object] ] },
  { name: 'azo', path: '/admin/azo' },
  { name: 'B', children: [ [Object], [Object], [Object] ] },
  { name: 'c', children: [ [Object] ] },
  {
    name: 'C',
    children: [
      [Object], [Object],
      [Object], [Object],
      [Object], [Object],
      [Object], [Object],
      [Object], [Object],
      [Object]
    ]
  },
  {
    name: 'D',
    children: [ [Object], [Object], [Object], [Object], [Object] ]
  },
  {
    name: 'F',
    children: [ [Object], [Object], [Object], [Object], [Object] ]
  },
  { name: 'gconjar1', path: '/gconjar1' },
  { name: 'H', children: [ [Object], [Object], [Object], [Object] ] },
  { name: 'J', children: [ [Object], [Object] ] },
  { name: 'K', children: [ [Object], [Object], [Object] ] },
  { name: 'mapping1', path: '/admin/mapping1' },
  { name: 'N', children: [ [Object], [Object], [Object], [Object] ] },
  {
    name: 'navgroup6',
    children: [
      [Object], [Object],
      [Object], [Object],
      [Object], [Object],
      [Object], [Object]
    ]
  },
  { name: 'P', children: [ [Object], [Object], [Object] ] },
  { name: 'R', children: [ [Object], [Object], [Object], [Object] ] },
  {
    name: 'S',
    children: [
      [Object], [Object],
      [Object], [Object],
      [Object], [Object],
      [Object]
    ]
  },
  {
    name: 'T',
    children: [ [Object], [Object], [Object], [Object], [Object] ]
  },
  { name: 'U', children: [ [Object], [Object], [Object], [Object] ] },
  { name: 'valan', path: '/valan' },
  { name: 'W', children: [ [Object], [Object] ] },
  { name: 'xpagesmanager1', path: '/admin/xpagesmanager1' },
  { name: 'zarnomanager', path: '/admin/zarnomanager' }
]
 GET /api/navigation 200 in 16ms
API: Starting navigation request...
API: Current working directory: /Users/kylecampbell/Documents/repos/localrepo-snefuru4
API: App directory path: /Users/kylecampbell/Documents/repos/localrepo-snefuru4/app
API: Protected directory path: /Users/kylecampbell/Documents/repos/localrepo-snefuru4/app/(protected)
API: Calling getNavigation...
API: Navigation items received: [
  { name: '[', children: [ [Object], [Object] ] },
  { name: 'azo', path: '/admin/azo' },
  { name: 'B', children: [ [Object], [Object], [Object] ] },
  { name: 'c', children: [ [Object] ] },
  {
    name: 'C',
    children: [
      [Object], [Object],
      [Object], [Object],
      [Object], [Object],
      [Object], [Object],
      [Object], [Object],
      [Object]
    ]
  },
  {
    name: 'D',
    children: [ [Object], [Object], [Object], [Object], [Object] ]
  },
  {
    name: 'F',
    children: [ [Object], [Object], [Object], [Object], [Object] ]
  },
  { name: 'gconjar1', path: '/gconjar1' },
  { name: 'H', children: [ [Object], [Object], [Object], [Object] ] },
  { name: 'J', children: [ [Object], [Object] ] },
  { name: 'K', children: [ [Object], [Object], [Object] ] },
  { name: 'mapping1', path: '/admin/mapping1' },
  { name: 'N', children: [ [Object], [Object], [Object], [Object] ] },
  {
    name: 'navgroup6',
    children: [
      [Object], [Object],
      [Object], [Object],
      [Object], [Object],
      [Object], [Object]
    ]
  },
  { name: 'P', children: [ [Object], [Object], [Object] ] },
  { name: 'R', children: [ [Object], [Object], [Object], [Object] ] },
  {
    name: 'S',
    children: [
      [Object], [Object],
      [Object], [Object],
      [Object], [Object],
      [Object]
    ]
  },
  {
    name: 'T',
    children: [ [Object], [Object], [Object], [Object], [Object] ]
  },
  { name: 'U', children: [ [Object], [Object], [Object], [Object] ] },
  { name: 'valan', path: '/valan' },
  { name: 'W', children: [ [Object], [Object] ] },
  { name: 'xpagesmanager1', path: '/admin/xpagesmanager1' },
  { name: 'zarnomanager', path: '/admin/zarnomanager' }
]
 GET /api/navigation 200 in 17ms
 GET /admin/azo?xpage_id=5&utg_id=utg_tornado&zarno_id=2&tab=utgs 200 in 226ms
 GET /admin/azo?xpage_id=5&utg_id=utg_tornado&zarno_id=2&tab=zarnos 200 in 183ms
 GET /admin/azo?xpage_id=5&utg_id=utg_tornado&zarno_id=2&tab=utgs 200 in 186ms
 GET /admin/azo?xpage_id=5&utg_id=utg_tornado&zarno_id=2&tab=xpages 200 in 219ms
 GET /admin/azo?xpage_id=5&utg_id=utg_tornado&zarno_id=2&tab=utgs 200 in 191ms
 GET /admin/azo?xpage_id=5&utg_id=utg_tornado&zarno_id=2&tab=zarnos 200 in 176ms
